<?xml version="1.0" encoding="UTF-8"?>
<testng-results ignored="0" total="2" passed="2" failed="0" skipped="0">
  <reporter-output>
  </reporter-output>
  <suite started-at="2023-11-26T12:40:19 IST" name="Default suite" finished-at="2023-11-26T12:40:37 IST" duration-ms="17897">
    <groups>
    </groups>
    <test started-at="2023-11-26T12:40:19 IST" name="Default test" finished-at="2023-11-26T12:40:37 IST" duration-ms="17897">
      <class name="maventest.maventest.Googlesearch">
        <test-method is-config="true" signature="setBaseURL()[pri:0, instance:maventest.maventest.Googlesearch@53fe15ff]" started-at="2023-11-26T12:40:19 IST" name="setBaseURL" finished-at="2023-11-26T12:40:28 IST" duration-ms="9365" status="PASS">
          <reporter-output>
          </reporter-output>
        </test-method> <!-- setBaseURL -->
        <test-method signature="TEST_01()[pri:0, instance:maventest.maventest.Googlesearch@53fe15ff]" started-at="2023-11-26T12:40:29 IST" name="TEST_01" finished-at="2023-11-26T12:40:31 IST" duration-ms="2205" status="PASS">
          <reporter-output>
          </reporter-output>
        </test-method> <!-- TEST_01 -->
        <test-method signature="TEST_02()[pri:0, instance:maventest.maventest.Googlesearch@53fe15ff]" started-at="2023-11-26T12:40:31 IST" name="TEST_02" finished-at="2023-11-26T12:40:31 IST" duration-ms="30" status="PASS">
          <reporter-output>
          </reporter-output>
        </test-method> <!-- TEST_02 -->
        <test-method is-config="true" signature="closeTest()[pri:0, instance:maventest.maventest.Googlesearch@53fe15ff]" started-at="2023-11-26T12:40:31 IST" name="closeTest" finished-at="2023-11-26T12:40:37 IST" duration-ms="6210" status="PASS">
          <reporter-output>
          </reporter-output>
        </test-method> <!-- closeTest -->
      </class> <!-- maventest.maventest.Googlesearch -->
    </test> <!-- Default test -->
  </suite> <!-- Default suite -->
</testng-results>
